Arguments: 
  /usr/local/bin/node /usr/local/bin/yarn init

PATH: 
  /Library/Frameworks/Python.framework/Versions/3.8/bin:/Library/Frameworks/Python.framework/Versions/3.8/bin:/Users/johnmorris/.serverless/bin:/Users/johnmorris/.serverless/bin:/Library/Frameworks/Python.framework/Versions/3.8/bin:/Users/johnmorris/.npm-packages/bin:/Users/johnmorris/.jenv/shims:/Library/Java/JavaVirtualMachines/jdk-11.0.5.jdk/Contents/Home/bin:/usr/local/Cellar/maven/3.6.0/bin:/usr/local/bin:/usr/local/bin:/usr/bin:/bin:/usr/sbin:/sbin:/Library/Apple/usr/bin:/Users/johnmorris/Library/Android/sdk/emulator:/Users/johnmorris/Library/Android/sdk/tools:/Users/johnmorris/Library/Android/sdk/tools/bin/:/Users/johnmorris/Library/Android/sdk/platform-tools:/Users/johnmorris/flutter/bin

Yarn version: 
  1.22.4

Node version: 
  12.16.3

Platform: 
  darwin x64

Trace: 
  Error: canceled
      at Interface.<anonymous> (/Users/johnmorris/.config/yarn/global/node_modules/yarn/lib/cli.js:137008:13)
      at Interface.emit (events.js:310:20)
      at Interface._ttyWrite (readline.js:893:16)
      at ReadStream.onkeypress (readline.js:198:10)
      at ReadStream.emit (events.js:310:20)
      at emitKeys (internal/readline/utils.js:438:14)
      at emitKeys.next (<anonymous>)
      at ReadStream.onData (readline.js:1160:36)
      at ReadStream.emit (events.js:310:20)
      at addChunk (_stream_readable.js:286:12)

npm manifest: 
  No manifest

yarn manifest: 
  No manifest

Lockfile: 
  No lockfile
